 
#------------------------------------------------------------
#
#   ,o, ,o,       /                                 
#    `   `  e88~88e  d88~\   /~~~8e Y88b    e    / 
#   888 888 88   88 C888         88b Y88b  d8b  /   
#   888 888 "8b_d8"  Y88b   e88~-888  Y888/Y88b/  
#   888 888  /        888D C88   888   Y8/  Y8/     
#   88P 888 Cb      \_88P   "8b_-888    Y    Y    
# \_8"       Y8""8D                             
#
#------------------------------------------------------------
# JIGSAW: an unstructured mesh generation library.  
#------------------------------------------------------------
 
  JIGSAW VERSION 0.9.12

  Reading CFG. file...

  CFG. data summary...

  GEOM-FILE = /home/dengwirda/Dev/jigsaw/jigsaw-matlab/files/airfoil.msh 
  MESH-FILE = /home/dengwirda/Dev/jigsaw/jigsaw-matlab/cache/airfoil.msh 
  HFUN-FILE = /home/dengwirda/Dev/jigsaw/jigsaw-matlab/cache/airfoil-hfun.msh 
  INIT-FILE =  
  TRIA-FILE =  
  BNDS-FILE =  

  Done. (8.00e-05sec)

#------------------------------------------------------------

  Reading GEOM file...

  Done. (2.33e-04sec)

#------------------------------------------------------------

  Forming GEOM data...

  Done. (1.99e-04sec)

#------------------------------------------------------------

  Reading HFUN file...

  Done. (8.14e-04sec)

#------------------------------------------------------------

  Forming HFUN data...

  Done. (2.80e-05sec)

#------------------------------------------------------------

  Generate rDT MESH...

#------------------------------------------------------------
#    |ITER.|      |DEL-1|      |DEL-2| 
#------------------------------------------------------------
      11046          543        21573

  Done. (6.05e-02sec)

#------------------------------------------------------------

  Pushing MESH data...

  Done. (7.88e-03sec)

#------------------------------------------------------------

  MESH optimisation...

#------------------------------------------------------------
#    |MOVE.|      |FLIP.|      |MERGE|      |SPLIT| 
#------------------------------------------------------------
       9748            7           40            6
       7575            0           14            0
       6702            0            0            0
       5923            0            0            0
       3447            0            0            0
       1550            0            0            0
        648            0            0            0
        233            0            0            0
         86            0            0            0
         21            0            0            0
          5            0            0            0
          0            0            0            0

  Done. (1.27e+00sec)

#------------------------------------------------------------

  Writing MESH file...

  Done. (1.64e-02sec)

