 
#------------------------------------------------------------
#
#   ,o, ,o,       /                                 
#    `   `  e88~88e  d88~\   /~~~8e Y88b    e    / 
#   888 888 88   88 C888         88b Y88b  d8b  /   
#   888 888 "8b_d8"  Y88b   e88~-888  Y888/Y88b/  
#   888 888  /        888D C88   888   Y8/  Y8/     
#   88P 888 Cb      \_88P   "8b_-888    Y    Y    
# \_8"       Y8""8D                             
#
#------------------------------------------------------------
# JIGSAW: an unstructured mesh generation library.  
#------------------------------------------------------------
 
  JIGSAW VERSION 0.9.12

  Reading CFG. file...

  CFG. data summary...

  GEOM-FILE = /home/dengwirda/Dev/jigsaw/jigsaw-matlab/cache/box2d-geom.msh 
  MESH-FILE = /home/dengwirda/Dev/jigsaw/jigsaw-matlab/cache/box2d-mesh.msh 
  HFUN-FILE =  
  INIT-FILE =  
  TRIA-FILE =  
  BNDS-FILE =  

  Done. (5.50e-05sec)

#------------------------------------------------------------

  Reading GEOM file...

  Done. (5.30e-05sec)

#------------------------------------------------------------

  Forming GEOM data...

  Done. (8.50e-05sec)

#------------------------------------------------------------

  Forming HFUN data...

  Done. (4.00e-06sec)

#------------------------------------------------------------

  Generate rDT MESH...

#------------------------------------------------------------
#    |ITER.|      |DEL-1|      |DEL-2| 
#------------------------------------------------------------
        493           88          904

  Done. (3.07e-03sec)

#------------------------------------------------------------

  Pushing MESH data...

  Done. (4.11e-04sec)

#------------------------------------------------------------

  MESH optimisation...

#------------------------------------------------------------
#    |MOVE.|      |FLIP.|      |MERGE|      |SPLIT| 
#------------------------------------------------------------
        386            0            0            0
        268            0            0            0
        203            0            0            0
        247            0            0            0
         58            0            0            0
          0            0            0            0

  Done. (3.89e-02sec)

#------------------------------------------------------------

  Writing MESH file...

  Done. (5.47e-04sec)

