 
#------------------------------------------------------------
#
#   ,o, ,o,       /                                 
#    `   `  e88~88e  d88~\   /~~~8e Y88b    e    / 
#   888 888 88   88 C888         88b Y88b  d8b  /   
#   888 888 "8b_d8"  Y88b   e88~-888  Y888/Y88b/  
#   888 888  /        888D C88   888   Y8/  Y8/     
#   88P 888 Cb      \_88P   "8b_-888    Y    Y    
# \_8"       Y8""8D                             
#
#------------------------------------------------------------
# JIGSAW: an unstructured mesh generation library.  
#------------------------------------------------------------
 
  JIGSAW VERSION 0.9.12

  Reading CFG. file...

  CFG. data summary...

  GEOM-FILE = /home/dengwirda/Dev/jigsaw/jigsaw-matlab/cache/box3d-geom.msh 
  MESH-FILE = /home/dengwirda/Dev/jigsaw/jigsaw-matlab/cache/box3d-mesh.msh 
  HFUN-FILE = /home/dengwirda/Dev/jigsaw/jigsaw-matlab/cache/box3d-hfun.msh 
  INIT-FILE =  
  TRIA-FILE =  
  BNDS-FILE =  

  Done. (8.90e-05sec)

#------------------------------------------------------------

  Reading GEOM file...

  Done. (4.10e-05sec)

#------------------------------------------------------------

  Forming GEOM data...

  Done. (6.60e-05sec)

#------------------------------------------------------------

  Reading HFUN file...

  Done. (6.63e-03sec)

#------------------------------------------------------------

  Forming HFUN data...

  Done. (7.00e-05sec)

#------------------------------------------------------------

  Generate rDT MESH...

#------------------------------------------------------------
#    |ITER.|      |DEL-1|      |DEL-2|      |DEL-3| 
#------------------------------------------------------------
       1197           96          920         5860

  Done. (5.40e-02sec)

#------------------------------------------------------------

  Pushing MESH data...

  Done. (4.79e-03sec)

#------------------------------------------------------------

  MESH optimisation...

  Done. (1.28e-04sec)

#------------------------------------------------------------

  Writing MESH file...

  Done. (2.71e-03sec)

