 
#------------------------------------------------------------
#
#   ,o, ,o,       /                                 
#    `   `  e88~88e  d88~\   /~~~8e Y88b    e    / 
#   888 888 88   88 C888         88b Y88b  d8b  /   
#   888 888 "8b_d8"  Y88b   e88~-888  Y888/Y88b/  
#   888 888  /        888D C88   888   Y8/  Y8/     
#   88P 888 Cb      \_88P   "8b_-888    Y    Y    
# \_8"       Y8""8D                             
#
#------------------------------------------------------------
# JIGSAW: an unstructured mesh generation library.  
#------------------------------------------------------------
 
  JIGSAW VERSION 0.9.12

  Reading CFG. file...

  CFG. data summary...

  GEOM-FILE = /home/dengwirda/Dev/jigsaw/jigsaw-matlab/files/bunny.msh 
  MESH-FILE = /home/dengwirda/Dev/jigsaw/jigsaw-matlab/cache/bunny.msh 
  HFUN-FILE =  
  INIT-FILE =  
  TRIA-FILE =  
  BNDS-FILE =  

  Done. (7.40e-05sec)

#------------------------------------------------------------

  Reading GEOM file...

  Done. (8.83e-03sec)

#------------------------------------------------------------

  Forming GEOM data...

  Done. (1.29e-02sec)

#------------------------------------------------------------

  Forming HFUN data...

  Done. (6.00e-06sec)

#------------------------------------------------------------

  Generate rDT MESH...

#------------------------------------------------------------
#    |ITER.|      |DEL-1|      |DEL-2|      |DEL-3| 
#------------------------------------------------------------
      12500            0         7615        65341
      15554            0         7623        84449

  Done. (8.50e-01sec)

#------------------------------------------------------------

  Pushing MESH data...

  Done. (1.07e-01sec)

#------------------------------------------------------------

  MESH optimisation...

  Done. (2.92e-03sec)

#------------------------------------------------------------

  Writing MESH file...

  Done. (3.73e-02sec)

