 
#------------------------------------------------------------
#
#   ,o, ,o,       /                                 
#    `   `  e88~88e  d88~\   /~~~8e Y88b    e    / 
#   888 888 88   88 C888         88b Y88b  d8b  /   
#   888 888 "8b_d8"  Y88b   e88~-888  Y888/Y88b/  
#   888 888  /        888D C88   888   Y8/  Y8/     
#   88P 888 Cb      \_88P   "8b_-888    Y    Y    
# \_8"       Y8""8D                             
#
#------------------------------------------------------------
# JIGSAW: an unstructured mesh generation library.  
#------------------------------------------------------------
 
  JIGSAW VERSION 0.9.12

  Reading CFG. file...

  CFG. data summary...

  GEOM-FILE = /home/dengwirda/Dev/jigsaw/jigsaw-matlab/files/eight.msh 
  MESH-FILE = /home/dengwirda/Dev/jigsaw/jigsaw-matlab/cache/eight.msh 
  HFUN-FILE =  
  INIT-FILE =  
  TRIA-FILE =  
  BNDS-FILE =  

  Done. (5.50e-05sec)

#------------------------------------------------------------

  Reading GEOM file...

  Done. (9.62e-03sec)

#------------------------------------------------------------

  Forming GEOM data...

  Done. (1.54e-02sec)

#------------------------------------------------------------

  Forming HFUN data...

  Done. (2.40e-05sec)

#------------------------------------------------------------

  Generate rDT MESH...

#------------------------------------------------------------
#    |ITER.|      |DEL-1|      |DEL-2|      |DEL-3| 
#------------------------------------------------------------
       4733            0         9478            0

  Done. (3.78e-01sec)

#------------------------------------------------------------

  Pushing MESH data...

  Done. (2.97e-03sec)

#------------------------------------------------------------

  MESH optimisation...

  Done. (1.85e-04sec)

#------------------------------------------------------------

  Writing MESH file...

  Done. (6.76e-03sec)

